<?xml version="1.0" encoding="UTF-8"?>
<testsuite xmlns:xsi="http://www.w3.org/2001/XMLSchema-instance" xsi:noNamespaceSchemaLocation="https://maven.apache.org/surefire/maven-surefire-plugin/xsd/surefire-test-report.xsd" name="org.apache.commons.compress.harmony.unpack200.tests.SegmentUtilsTest" time="0" tests="3" errors="0" skipped="0" failures="0">
  <properties>
[...]
</properties>
  <testcase name="testCountInvokeInterfaceArgs" classname="org.apache.commons.compress.harmony.unpack200.tests.SegmentUtilsTest" time="0"/>
  <testcase name="testMatches" classname="org.apache.commons.compress.harmony.unpack200.tests.SegmentUtilsTest" time="0"/>
  <testcase name="testCountArgs" classname="org.apache.commons.compress.harmony.unpack200.tests.SegmentUtilsTest" time="0"/>
</testsuite>