<?xml version="1.0" encoding="UTF-8" ?>
<testsuite tests="45" failures="2" name="cn.hutool.json.JSONObjectTest" time="0.101" errors="0" skipped="2">
  <properties>
[...]
</properties>
  <testcase classname="cn.hutool.json.JSONObjectTest" name="floatTest" time="0"/>
  <testcase classname="cn.hutool.json.JSONObjectTest" name="beanTransTest2" time="0.066"/>
  <testcase classname="cn.hutool.json.JSONObjectTest" name="beanTransTest3" time="0"/>
  <testcase classname="cn.hutool.json.JSONObjectTest" name="parseBeanSameNameTest" time="0.003"/>
  <testcase classname="cn.hutool.json.JSONObjectTest" name="parseStringTest2" time="0"/>
  <testcase classname="cn.hutool.json.JSONObjectTest" name="parseStringTest3" time="0"/>
  <testcase classname="cn.hutool.json.JSONObjectTest" name="parseStringTest4" time="0.001"/>
  <testcase classname="cn.hutool.json.JSONObjectTest" name="nullToEmptyTest" time="0"/>
  <testcase classname="cn.hutool.json.JSONObjectTest" name="setDateFormatTest2" time="0.002"/>
  <testcase classname="cn.hutool.json.JSONObjectTest" name="parseStringWithSlashTest" time="0"/>
  <testcase classname="cn.hutool.json.JSONObjectTest" name="toBeanNullStrTest" time="0.002"/>
  <testcase classname="cn.hutool.json.JSONObjectTest" name="putByPathTest" time="0"/>
  <testcase classname="cn.hutool.json.JSONObjectTest" name="toStringWithDateTest" time="0.005">
    <failure message="expected:&lt;{&quot;date&quot;:15573[143]01000}&gt; but was:&lt;{&quot;date&quot;:15573[611]01000}&gt;" type="org.junit.ComparisonFailure">org.junit.ComparisonFailure: expected:&lt;{&quot;date&quot;:15573[143]01000}&gt; but was:&lt;{&quot;date&quot;:15573[611]01000}&gt;
	at org.junit.Assert.assertEquals(Assert.java:117)
	at org.junit.Assert.assertEquals(Assert.java:146)
	at cn.hutool.json.JSONObjectTest.toStringWithDateTest(JSONObjectTest.java:80)
	at sun.reflect.NativeMethodAccessorImpl.invoke0(Native Method)
	at sun.reflect.NativeMethodAccessorImpl.invoke(NativeMethodAccessorImpl.java:62)
	at sun.reflect.DelegatingMethodAccessorImpl.invoke(DelegatingMethodAccessorImpl.java:43)
	at java.lang.reflect.Method.invoke(Method.java:498)
	at org.junit.runners.model.FrameworkMethod$1.runReflectiveCall(FrameworkMethod.java:59)
	at org.junit.internal.runners.model.ReflectiveCallable.run(ReflectiveCallable.java:12)
	at org.junit.runners.model.FrameworkMethod.invokeExplosively(FrameworkMethod.java:56)
	at org.junit.internal.runners.statements.InvokeMethod.evaluate(InvokeMethod.java:17)
	at org.junit.runners.ParentRunner$3.evaluate(ParentRunner.java:306)
	at org.junit.runners.BlockJUnit4ClassRunner$1.evaluate(BlockJUnit4ClassRunner.java:100)
	at org.junit.runners.ParentRunner.runLeaf(ParentRunner.java:366)
	at org.junit.runners.BlockJUnit4ClassRunner.runChild(BlockJUnit4ClassRunner.java:103)
	at org.junit.runners.BlockJUnit4ClassRunner.runChild(BlockJUnit4ClassRunner.java:63)
	at org.junit.runners.ParentRunner$4.run(ParentRunner.java:331)
	at org.junit.runners.ParentRunner$1.schedule(ParentRunner.java:79)
	at org.junit.runners.ParentRunner.runChildren(ParentRunner.java:329)
	at org.junit.runners.ParentRunner.access$100(ParentRunner.java:66)
	at org.junit.runners.ParentRunner$2.evaluate(ParentRunner.java:293)
	at org.junit.runners.ParentRunner$3.evaluate(ParentRunner.java:306)
	at org.junit.runners.ParentRunner.run(ParentRunner.java:413)
	at org.apache.maven.surefire.junit4.JUnit4Provider.execute(JUnit4Provider.java:252)
	at org.apache.maven.surefire.junit4.JUnit4Provider.executeTestSet(JUnit4Provider.java:141)
	at org.apache.maven.surefire.junit4.JUnit4Provider.invoke(JUnit4Provider.java:112)
	at sun.reflect.NativeMethodAccessorImpl.invoke0(Native Method)
	at sun.reflect.NativeMethodAccessorImpl.invoke(NativeMethodAccessorImpl.java:62)
	at sun.reflect.DelegatingMethodAccessorImpl.invoke(DelegatingMethodAccessorImpl.java:43)
	at java.lang.reflect.Method.invoke(Method.java:498)
	at org.apache.maven.surefire.util.ReflectionUtils.invokeMethodWithArray(ReflectionUtils.java:189)
	at org.apache.maven.surefire.booter.ProviderFactory$ProviderProxy.invoke(ProviderFactory.java:165)
	at org.apache.maven.surefire.booter.ProviderFactory.invokeProvider(ProviderFactory.java:85)
	at org.apache.maven.surefire.booter.ForkedBooter.runSuitesInProcess(ForkedBooter.java:115)
	at org.apache.maven.surefire.booter.ForkedBooter.main(ForkedBooter.java:75)
</failure>
  </testcase>
  <testcase classname="cn.hutool.json.JSONObjectTest" name="setCustomDateFormatTest" time="0.001">
    <failure message="expected:&lt;{&quot;date&quot;:15913[269]71,&quot;bbb&quot;:&quot;222&quot;,&quot;aaa&quot;...&gt; but was:&lt;{&quot;date&quot;:15913[737]71,&quot;bbb&quot;:&quot;222&quot;,&quot;aaa&quot;...&gt;" type="org.junit.ComparisonFailure">org.junit.ComparisonFailure: expected:&lt;{&quot;date&quot;:15913[269]71,&quot;bbb&quot;:&quot;222&quot;,&quot;aaa&quot;...&gt; but was:&lt;{&quot;date&quot;:15913[737]71,&quot;bbb&quot;:&quot;222&quot;,&quot;aaa&quot;...&gt;
	at org.junit.Assert.assertEquals(Assert.java:117)
	at org.junit.Assert.assertEquals(Assert.java:146)
	at cn.hutool.json.JSONObjectTest.setCustomDateFormatTest(JSONObjectTest.java:468)
	at sun.reflect.NativeMethodAccessorImpl.invoke0(Native Method)
	at sun.reflect.NativeMethodAccessorImpl.invoke(NativeMethodAccessorImpl.java:62)
	at sun.reflect.DelegatingMethodAccessorImpl.invoke(DelegatingMethodAccessorImpl.java:43)
	at java.lang.reflect.Method.invoke(Method.java:498)
	at org.junit.runners.model.FrameworkMethod$1.runReflectiveCall(FrameworkMethod.java:59)
	at org.junit.internal.runners.model.ReflectiveCallable.run(ReflectiveCallable.java:12)
	at org.junit.runners.model.FrameworkMethod.invokeExplosively(FrameworkMethod.java:56)
	at org.junit.internal.runners.statements.InvokeMethod.evaluate(InvokeMethod.java:17)
	at org.junit.runners.ParentRunner$3.evaluate(ParentRunner.java:306)
	at org.junit.runners.BlockJUnit4ClassRunner$1.evaluate(BlockJUnit4ClassRunner.java:100)
	at org.junit.runners.ParentRunner.runLeaf(ParentRunner.java:366)
	at org.junit.runners.BlockJUnit4ClassRunner.runChild(BlockJUnit4ClassRunner.java:103)
	at org.junit.runners.BlockJUnit4ClassRunner.runChild(BlockJUnit4ClassRunner.java:63)
	at org.junit.runners.ParentRunner$4.run(ParentRunner.java:331)
	at org.junit.runners.ParentRunner$1.schedule(ParentRunner.java:79)
	at org.junit.runners.ParentRunner.runChildren(ParentRunner.java:329)
	at org.junit.runners.ParentRunner.access$100(ParentRunner.java:66)
	at org.junit.runners.ParentRunner$2.evaluate(ParentRunner.java:293)
	at org.junit.runners.ParentRunner$3.evaluate(ParentRunner.java:306)
	at org.junit.runners.ParentRunner.run(ParentRunner.java:413)
	at org.apache.maven.surefire.junit4.JUnit4Provider.execute(JUnit4Provider.java:252)
	at org.apache.maven.surefire.junit4.JUnit4Provider.executeTestSet(JUnit4Provider.java:141)
	at org.apache.maven.surefire.junit4.JUnit4Provider.invoke(JUnit4Provider.java:112)
	at sun.reflect.NativeMethodAccessorImpl.invoke0(Native Method)
	at sun.reflect.NativeMethodAccessorImpl.invoke(NativeMethodAccessorImpl.java:62)
	at sun.reflect.DelegatingMethodAccessorImpl.invoke(DelegatingMethodAccessorImpl.java:43)
	at java.lang.reflect.Method.invoke(Method.java:498)
	at org.apache.maven.surefire.util.ReflectionUtils.invokeMethodWithArray(ReflectionUtils.java:189)
	at org.apache.maven.surefire.booter.ProviderFactory$ProviderProxy.invoke(ProviderFactory.java:165)
	at org.apache.maven.surefire.booter.ProviderFactory.invokeProvider(ProviderFactory.java:85)
	at org.apache.maven.surefire.booter.ForkedBooter.runSuitesInProcess(ForkedBooter.java:115)
	at org.apache.maven.surefire.booter.ForkedBooter.main(ForkedBooter.java:75)
</failure>
  </testcase>
  <testcase classname="cn.hutool.json.JSONObjectTest" name="specialCharTest" time="0"/>
  <testcase classname="cn.hutool.json.JSONObjectTest" name="getStrTest" time="0"/>
  <testcase classname="cn.hutool.json.JSONObjectTest" name="putAllTest" time="0"/>
  <testcase classname="cn.hutool.json.JSONObjectTest" name="parseBeanTest2" time="0.001"/>
  <testcase classname="cn.hutool.json.JSONObjectTest" name="parseBeanTest3" time="0.001"/>
  <testcase classname="cn.hutool.json.JSONObjectTest" name="filterIncludeTest" time="0"/>
  <testcase classname="cn.hutool.json.JSONObjectTest" name="parseStringWithBomTest" time="0">
    <skipped/>
  </testcase>
  <testcase classname="cn.hutool.json.JSONObjectTest" name="toBeanWithNullTest" time="0.002"/>
  <testcase classname="cn.hutool.json.JSONObjectTest" name="createJSONObjectTest" time="0"/>
  <testcase classname="cn.hutool.json.JSONObjectTest" name="setDateFormatTest" time="0"/>
  <testcase classname="cn.hutool.json.JSONObjectTest" name="filterExcludeTest" time="0.001"/>
  <testcase classname="cn.hutool.json.JSONObjectTest" name="parseFromBeanTest" time="0"/>
  <testcase classname="cn.hutool.json.JSONObjectTest" name="parseBeanTest" time="0"/>
  <testcase classname="cn.hutool.json.JSONObjectTest" name="toStringTest" time="0.001">
    <skipped/>
  </testcase>
  <testcase classname="cn.hutool.json.JSONObjectTest" name="getTimestampTest" time="0"/>
  <testcase classname="cn.hutool.json.JSONObjectTest" name="setEntryTest" time="0.001"/>
  <testcase classname="cn.hutool.json.JSONObjectTest" name="accumulateTest" time="0"/>
  <testcase classname="cn.hutool.json.JSONObjectTest" name="toBeanTest" time="0.001"/>
  <testcase classname="cn.hutool.json.JSONObjectTest" name="aliasTest" time="0.002"/>
  <testcase classname="cn.hutool.json.JSONObjectTest" name="editTest" time="0"/>
  <testcase classname="cn.hutool.json.JSONObjectTest" name="toUnderLineCaseTest" time="0"/>
  <testcase classname="cn.hutool.json.JSONObjectTest" name="toBeanTest2" time="0.001"/>
  <testcase classname="cn.hutool.json.JSONObjectTest" name="toBeanTest4" time="0"/>
  <testcase classname="cn.hutool.json.JSONObjectTest" name="toBeanTest5" time="0.004"/>
  <testcase classname="cn.hutool.json.JSONObjectTest" name="toBeanTest6" time="0.002"/>
  <testcase classname="cn.hutool.json.JSONObjectTest" name="toBeanTest7" time="0.001"/>
  <testcase classname="cn.hutool.json.JSONObjectTest" name="parseStringTest" time="0"/>
  <testcase classname="cn.hutool.json.JSONObjectTest" name="beanTransTest" time="0.001"/>
  <testcase classname="cn.hutool.json.JSONObjectTest" name="toStringTest2" time="0"/>
  <testcase classname="cn.hutool.json.JSONObjectTest" name="toStringTest3" time="0.001"/>
  <testcase classname="cn.hutool.json.JSONObjectTest" name="bigDecimalTest" time="0.001"/>
</testsuite>